mode: atomic
digit-abdm/internal/handlers/abha_handler.go:24.86,29.2 1 38
digit-abdm/internal/handlers/abha_handler.go:115.54,119.47 3 9
digit-abdm/internal/handlers/abha_handler.go:119.47,122.3 2 2
digit-abdm/internal/handlers/abha_handler.go:125.2,126.16 2 7
digit-abdm/internal/handlers/abha_handler.go:126.16,129.3 2 1
digit-abdm/internal/handlers/abha_handler.go:130.2,131.16 2 6
digit-abdm/internal/handlers/abha_handler.go:131.16,134.3 2 1
digit-abdm/internal/handlers/abha_handler.go:136.2,144.16 3 5
digit-abdm/internal/handlers/abha_handler.go:144.16,147.3 2 0
digit-abdm/internal/handlers/abha_handler.go:149.2,150.16 2 5
digit-abdm/internal/handlers/abha_handler.go:150.16,153.3 2 1
digit-abdm/internal/handlers/abha_handler.go:156.2,161.21 3 4
digit-abdm/internal/handlers/abha_handler.go:161.21,163.40 2 4
digit-abdm/internal/handlers/abha_handler.go:163.40,165.4 1 2
digit-abdm/internal/handlers/abha_handler.go:166.3,166.106 1 4
digit-abdm/internal/handlers/abha_handler.go:166.106,169.4 1 1
digit-abdm/internal/handlers/abha_handler.go:172.2,172.49 1 4
digit-abdm/internal/handlers/abha_handler.go:175.70,180.49 3 7
digit-abdm/internal/handlers/abha_handler.go:180.49,183.3 2 2
digit-abdm/internal/handlers/abha_handler.go:186.2,187.16 2 5
digit-abdm/internal/handlers/abha_handler.go:187.16,190.3 2 1
digit-abdm/internal/handlers/abha_handler.go:193.2,194.16 2 4
digit-abdm/internal/handlers/abha_handler.go:194.16,197.3 2 1
digit-abdm/internal/handlers/abha_handler.go:200.2,218.16 8 3
digit-abdm/internal/handlers/abha_handler.go:218.16,221.3 2 0
digit-abdm/internal/handlers/abha_handler.go:224.2,225.16 2 3
digit-abdm/internal/handlers/abha_handler.go:225.16,228.3 2 1
digit-abdm/internal/handlers/abha_handler.go:230.2,230.49 1 2
digit-abdm/internal/handlers/abha_handler.go:233.51,238.47 2 0
digit-abdm/internal/handlers/abha_handler.go:238.47,241.3 2 0
digit-abdm/internal/handlers/abha_handler.go:243.2,246.16 3 0
digit-abdm/internal/handlers/abha_handler.go:246.16,250.3 3 0
digit-abdm/internal/handlers/abha_handler.go:253.2,253.48 1 0
digit-abdm/internal/handlers/abha_handler.go:256.58,258.47 2 7
digit-abdm/internal/handlers/abha_handler.go:258.47,261.3 2 2
digit-abdm/internal/handlers/abha_handler.go:263.2,266.16 3 5
digit-abdm/internal/handlers/abha_handler.go:266.16,270.3 3 1
digit-abdm/internal/handlers/abha_handler.go:272.2,274.21 2 4
digit-abdm/internal/handlers/abha_handler.go:275.23,276.63 1 1
digit-abdm/internal/handlers/abha_handler.go:277.20,278.63 1 2
digit-abdm/internal/handlers/abha_handler.go:279.19,280.63 1 1
digit-abdm/internal/handlers/abha_handler.go:282.2,282.47 1 4
digit-abdm/internal/handlers/abha_handler.go:285.53,287.47 2 0
digit-abdm/internal/handlers/abha_handler.go:287.47,290.3 2 0
digit-abdm/internal/handlers/abha_handler.go:292.2,295.16 3 0
digit-abdm/internal/handlers/abha_handler.go:295.16,299.3 3 0
digit-abdm/internal/handlers/abha_handler.go:301.2,302.47 2 0
digit-abdm/internal/handlers/abha_handler.go:305.63,308.2 2 0
digit-abdm/internal/handlers/abha_handler.go:308.2,322.3 7 0
digit-abdm/internal/handlers/abha_handler.go:325.2,326.2 2 0
digit-abdm/internal/handlers/abha_handler.go:326.2,328.3 1 0
digit-abdm/internal/handlers/abha_handler.go:330.2,331.2 2 0
digit-abdm/internal/handlers/abha_handler.go:331.2,333.3 1 0
digit-abdm/internal/handlers/abha_handler.go:336.2,337.2 2 0
digit-abdm/internal/handlers/abha_handler.go:337.2,345.3 5 0
digit-abdm/internal/handlers/abha_handler.go:351.56,353.47 2 0
digit-abdm/internal/handlers/abha_handler.go:353.47,356.3 2 0
digit-abdm/internal/handlers/abha_handler.go:358.2,362.16 3 0
digit-abdm/internal/handlers/abha_handler.go:362.16,365.3 2 0
digit-abdm/internal/handlers/abha_handler.go:368.2,369.16 2 0
digit-abdm/internal/handlers/abha_handler.go:369.16,372.3 2 0
digit-abdm/internal/handlers/abha_handler.go:374.2,378.16 3 0
digit-abdm/internal/handlers/abha_handler.go:378.16,381.3 2 0
digit-abdm/internal/handlers/abha_handler.go:383.2,384.16 2 0
digit-abdm/internal/handlers/abha_handler.go:384.16,387.3 2 0
digit-abdm/internal/handlers/abha_handler.go:388.2,388.49 1 0
digit-abdm/internal/handlers/abha_handler.go:391.55,393.47 2 0
digit-abdm/internal/handlers/abha_handler.go:393.47,396.3 2 0
digit-abdm/internal/handlers/abha_handler.go:398.2,402.16 3 0
digit-abdm/internal/handlers/abha_handler.go:402.16,405.3 2 0
digit-abdm/internal/handlers/abha_handler.go:408.2,409.16 2 0
digit-abdm/internal/handlers/abha_handler.go:409.16,412.3 2 0
digit-abdm/internal/handlers/abha_handler.go:413.2,416.16 3 0
digit-abdm/internal/handlers/abha_handler.go:416.16,419.3 2 0
digit-abdm/internal/handlers/abha_handler.go:421.2,422.16 2 0
digit-abdm/internal/handlers/abha_handler.go:422.16,425.3 2 0
digit-abdm/internal/handlers/abha_handler.go:426.2,426.49 1 0
digit-abdm/internal/handlers/abha_handler.go:429.57,431.47 2 0
digit-abdm/internal/handlers/abha_handler.go:431.47,434.3 2 0
digit-abdm/internal/handlers/abha_handler.go:436.2,438.16 3 0
digit-abdm/internal/handlers/abha_handler.go:438.16,441.3 2 0
digit-abdm/internal/handlers/abha_handler.go:443.2,444.16 2 0
digit-abdm/internal/handlers/abha_handler.go:444.16,447.3 2 0
digit-abdm/internal/handlers/abha_handler.go:448.2,448.49 1 0
digit-abdm/internal/handlers/abha_handler.go:451.52,453.47 2 0
digit-abdm/internal/handlers/abha_handler.go:453.47,456.3 2 0
digit-abdm/internal/handlers/abha_handler.go:457.2,460.16 3 0
digit-abdm/internal/handlers/abha_handler.go:460.16,463.3 2 0
digit-abdm/internal/handlers/abha_handler.go:465.2,466.16 2 0
digit-abdm/internal/handlers/abha_handler.go:466.16,469.3 2 0
digit-abdm/internal/handlers/abha_handler.go:470.2,470.49 1 0
digit-abdm/internal/handlers/abha_handler.go:473.52,475.47 2 0
digit-abdm/internal/handlers/abha_handler.go:475.47,478.3 2 0
digit-abdm/internal/handlers/abha_handler.go:480.2,482.16 3 0
digit-abdm/internal/handlers/abha_handler.go:482.16,485.3 2 0
digit-abdm/internal/handlers/abha_handler.go:487.2,488.16 2 0
digit-abdm/internal/handlers/abha_handler.go:488.16,491.3 2 0
digit-abdm/internal/handlers/abha_handler.go:492.2,492.49 1 0
digit-abdm/internal/handlers/abha_handler.go:495.54,497.47 2 0
digit-abdm/internal/handlers/abha_handler.go:497.47,500.3 2 0
digit-abdm/internal/handlers/abha_handler.go:501.2,503.16 3 0
digit-abdm/internal/handlers/abha_handler.go:503.16,506.3 2 0
digit-abdm/internal/handlers/abha_handler.go:508.2,509.16 2 0
digit-abdm/internal/handlers/abha_handler.go:509.16,512.3 2 0
digit-abdm/internal/handlers/abha_handler.go:513.2,513.49 1 0
digit-abdm/internal/handlers/abha_handler.go:516.56,518.47 2 0
digit-abdm/internal/handlers/abha_handler.go:518.47,521.3 2 0
digit-abdm/internal/handlers/abha_handler.go:523.2,525.16 3 0
digit-abdm/internal/handlers/abha_handler.go:525.16,528.3 2 0
digit-abdm/internal/handlers/abha_handler.go:530.2,531.16 2 0
digit-abdm/internal/handlers/abha_handler.go:531.16,534.3 2 0
digit-abdm/internal/handlers/abha_handler.go:535.2,535.49 1 0
digit-abdm/internal/handlers/abha_handler.go:545.62,549.46 3 10
digit-abdm/internal/handlers/abha_handler.go:549.46,552.3 2 2
digit-abdm/internal/handlers/abha_handler.go:555.2,556.21 2 8
digit-abdm/internal/handlers/abha_handler.go:556.21,558.32 2 7
digit-abdm/internal/handlers/abha_handler.go:558.32,560.4 1 5
digit-abdm/internal/handlers/abha_handler.go:560.9,562.4 1 2
digit-abdm/internal/handlers/abha_handler.go:565.2,570.49 4 8
digit-abdm/internal/handlers/abha_handler.go:570.49,571.42 1 3
digit-abdm/internal/handlers/abha_handler.go:571.42,577.4 2 1
digit-abdm/internal/handlers/abha_handler.go:580.3,584.17 3 2
digit-abdm/internal/handlers/abha_handler.go:584.17,590.4 2 1
digit-abdm/internal/handlers/abha_handler.go:593.3,594.17 2 1
digit-abdm/internal/handlers/abha_handler.go:594.17,597.4 2 0
digit-abdm/internal/handlers/abha_handler.go:598.3,599.17 2 1
digit-abdm/internal/handlers/abha_handler.go:599.17,602.4 2 0
digit-abdm/internal/handlers/abha_handler.go:604.3,609.30 4 1
digit-abdm/internal/handlers/abha_handler.go:609.30,610.28 1 1
digit-abdm/internal/handlers/abha_handler.go:610.28,611.15 1 2
digit-abdm/internal/handlers/abha_handler.go:611.15,613.6 1 1
digit-abdm/internal/handlers/abha_handler.go:615.4,615.16 1 0
digit-abdm/internal/handlers/abha_handler.go:617.3,617.29 1 1
digit-abdm/internal/handlers/abha_handler.go:617.29,619.4 1 0
digit-abdm/internal/handlers/abha_handler.go:623.2,623.96 1 6
digit-abdm/internal/handlers/abha_handler.go:623.96,625.17 2 3
digit-abdm/internal/handlers/abha_handler.go:625.17,628.4 2 1
digit-abdm/internal/handlers/abha_handler.go:629.3,630.17 2 2
digit-abdm/internal/handlers/abha_handler.go:630.17,633.4 2 1
digit-abdm/internal/handlers/abha_handler.go:634.3,635.24 2 1
digit-abdm/internal/handlers/abha_handler.go:639.2,648.16 3 4
digit-abdm/internal/handlers/abha_handler.go:648.16,651.3 2 0
digit-abdm/internal/handlers/abha_handler.go:654.2,655.16 2 4
digit-abdm/internal/handlers/abha_handler.go:655.16,658.3 2 1
digit-abdm/internal/handlers/abha_handler.go:659.2,659.49 1 3
digit-abdm/internal/handlers/abha_handler.go:664.61,668.46 3 7
digit-abdm/internal/handlers/abha_handler.go:668.46,671.3 2 2
digit-abdm/internal/handlers/abha_handler.go:674.2,675.21 2 5
digit-abdm/internal/handlers/abha_handler.go:675.21,677.32 2 4
digit-abdm/internal/handlers/abha_handler.go:677.32,679.4 1 3
digit-abdm/internal/handlers/abha_handler.go:679.9,681.4 1 1
digit-abdm/internal/handlers/abha_handler.go:684.2,687.16 3 5
digit-abdm/internal/handlers/abha_handler.go:687.16,690.3 2 1
digit-abdm/internal/handlers/abha_handler.go:691.2,692.16 2 4
digit-abdm/internal/handlers/abha_handler.go:692.16,695.3 2 1
digit-abdm/internal/handlers/abha_handler.go:696.2,705.16 8 3
digit-abdm/internal/handlers/abha_handler.go:705.16,708.3 2 0
digit-abdm/internal/handlers/abha_handler.go:710.2,711.16 2 3
digit-abdm/internal/handlers/abha_handler.go:711.16,714.3 2 1
digit-abdm/internal/handlers/abha_handler.go:715.2,715.49 1 2
digit-abdm/internal/handlers/abha_handler.go:721.67,725.46 3 0
digit-abdm/internal/handlers/abha_handler.go:725.46,728.3 2 0
digit-abdm/internal/handlers/abha_handler.go:731.2,731.56 1 0
digit-abdm/internal/handlers/abha_handler.go:731.56,734.3 2 0
digit-abdm/internal/handlers/abha_handler.go:735.2,735.79 1 0
digit-abdm/internal/handlers/abha_handler.go:735.79,738.3 2 0
digit-abdm/internal/handlers/abha_handler.go:748.2,749.16 2 0
digit-abdm/internal/handlers/abha_handler.go:749.16,752.3 2 0
digit-abdm/internal/handlers/abha_handler.go:754.2,754.49 1 0
digit-abdm/internal/handlers/test_utils.go:13.82,14.31 1 0
digit-abdm/internal/handlers/test_utils.go:14.31,16.3 1 0
digit-abdm/internal/handlers/test_utils.go:17.2,17.31 1 0
